[0.691s] Invoking command in '/home/dylan/ros_programs/ex2_ws/src/doggy': AMENT_PREFIX_PATH=/home/dylan/ros_programs/ex2_ws/install/angle_interface:${AMENT_PREFIX_PATH} CMAKE_PREFIX_PATH=/home/dylan/ros_programs/ex2_ws/install/angle_interface LD_LIBRARY_PATH=/home/dylan/ros_programs/ex2_ws/install/angle_interface/lib:${LD_LIBRARY_PATH} PYTHONPATH=/home/dylan/ros_programs/ex2_ws/build/doggy/prefix_override:/usr/lib/python3/dist-packages/colcon_core/task/python/colcon_distutils_commands:/home/dylan/ros_programs/ex2_ws/install/doggy/lib/python3.10/site-packages:/home/dylan/ros_programs/ex2_ws/install/angle_interface/local/lib/python3.10/dist-packages:${PYTHONPATH} /usr/bin/python3 -W ignore:setup.py install is deprecated -W ignore:easy_install command is deprecated setup.py egg_info --egg-base ../../build/doggy build --build-base /home/dylan/ros_programs/ex2_ws/build/doggy/build install --record /home/dylan/ros_programs/ex2_ws/build/doggy/install.log --single-version-externally-managed install_data
[0.953s] running egg_info
[0.954s] writing ../../build/doggy/doggy.egg-info/PKG-INFO
[0.954s] writing dependency_links to ../../build/doggy/doggy.egg-info/dependency_links.txt
[0.954s] writing entry points to ../../build/doggy/doggy.egg-info/entry_points.txt
[0.954s] writing requirements to ../../build/doggy/doggy.egg-info/requires.txt
[0.954s] writing top-level names to ../../build/doggy/doggy.egg-info/top_level.txt
[0.956s] reading manifest file '../../build/doggy/doggy.egg-info/SOURCES.txt'
[0.957s] writing manifest file '../../build/doggy/doggy.egg-info/SOURCES.txt'
[0.957s] running build
[0.957s] running build_py
[0.957s] running install
[0.958s] running install_lib
[0.959s] running install_data
[0.959s] running install_egg_info
[0.962s] removing '/home/dylan/ros_programs/ex2_ws/install/doggy/lib/python3.10/site-packages/doggy-0.0.0-py3.10.egg-info' (and everything under it)
[0.962s] Copying ../../build/doggy/doggy.egg-info to /home/dylan/ros_programs/ex2_ws/install/doggy/lib/python3.10/site-packages/doggy-0.0.0-py3.10.egg-info
[0.962s] running install_scripts
[0.989s] Installing client script to /home/dylan/ros_programs/ex2_ws/install/doggy/lib/doggy
[0.989s] Installing server script to /home/dylan/ros_programs/ex2_ws/install/doggy/lib/doggy
[0.990s] writing list of installed files to '/home/dylan/ros_programs/ex2_ws/build/doggy/install.log'
[1.027s] Invoked command in '/home/dylan/ros_programs/ex2_ws/src/doggy' returned '0': AMENT_PREFIX_PATH=/home/dylan/ros_programs/ex2_ws/install/angle_interface:${AMENT_PREFIX_PATH} CMAKE_PREFIX_PATH=/home/dylan/ros_programs/ex2_ws/install/angle_interface LD_LIBRARY_PATH=/home/dylan/ros_programs/ex2_ws/install/angle_interface/lib:${LD_LIBRARY_PATH} PYTHONPATH=/home/dylan/ros_programs/ex2_ws/build/doggy/prefix_override:/usr/lib/python3/dist-packages/colcon_core/task/python/colcon_distutils_commands:/home/dylan/ros_programs/ex2_ws/install/doggy/lib/python3.10/site-packages:/home/dylan/ros_programs/ex2_ws/install/angle_interface/local/lib/python3.10/dist-packages:${PYTHONPATH} /usr/bin/python3 -W ignore:setup.py install is deprecated -W ignore:easy_install command is deprecated setup.py egg_info --egg-base ../../build/doggy build --build-base /home/dylan/ros_programs/ex2_ws/build/doggy/build install --record /home/dylan/ros_programs/ex2_ws/build/doggy/install.log --single-version-externally-managed install_data
