[0.127s] DEBUG:colcon:Command line arguments: ['/usr/bin/colcon', 'build']
[0.127s] DEBUG:colcon:Parsed command line arguments: Namespace(log_base=None, log_level=None, verb_name='build', build_base='build', install_base='install', merge_install=False, symlink_install=False, test_result_base=None, continue_on_error=False, executor='parallel', parallel_workers=16, event_handlers=None, ignore_user_meta=False, metas=['./colcon.meta'], base_paths=['.'], packages_ignore=None, packages_ignore_regex=None, paths=None, packages_up_to=None, packages_up_to_regex=None, packages_above=None, packages_above_and_dependencies=None, packages_above_depth=None, packages_select_by_dep=None, packages_skip_by_dep=None, packages_skip_up_to=None, packages_select_build_failed=False, packages_skip_build_finished=False, packages_select_test_failures=False, packages_skip_test_passed=False, packages_select=None, packages_skip=None, packages_select_regex=None, packages_skip_regex=None, packages_start=None, packages_end=None, allow_overriding=[], cmake_args=None, cmake_target=None, cmake_target_skip_unavailable=False, cmake_clean_cache=False, cmake_clean_first=False, cmake_force_configure=False, ament_cmake_args=None, catkin_cmake_args=None, catkin_skip_building_tests=False, mixin_files=None, mixin=None, verb_parser=<colcon_mixin.mixin.mixin_argument.MixinArgumentDecorator object at 0x798f42259330>, verb_extension=<colcon_core.verb.build.BuildVerb object at 0x798f42258580>, main=<bound method BuildVerb.main of <colcon_core.verb.build.BuildVerb object at 0x798f42258580>>, mixin_verb=('build',))
[0.291s] Level 1:colcon.colcon_core.package_discovery:discover_packages(colcon_meta) check parameters
[0.291s] Level 1:colcon.colcon_core.package_discovery:discover_packages(recursive) check parameters
[0.291s] Level 1:colcon.colcon_core.package_discovery:discover_packages(ignore) check parameters
[0.291s] Level 1:colcon.colcon_core.package_discovery:discover_packages(path) check parameters
[0.291s] Level 1:colcon.colcon_core.package_discovery:discover_packages(colcon_meta) discover
[0.291s] Level 1:colcon.colcon_core.package_discovery:discover_packages(recursive) discover
[0.291s] INFO:colcon.colcon_core.package_discovery:Crawling recursively for packages in '/home/dylan/ros_programs/ex2_ws'
[0.291s] Level 1:colcon.colcon_core.package_identification:_identify(.) by extensions ['ignore', 'ignore_ament_install']
[0.291s] Level 1:colcon.colcon_core.package_identification:_identify(.) by extension 'ignore'
[0.291s] Level 1:colcon.colcon_core.package_identification:_identify(.) by extension 'ignore_ament_install'
[0.291s] Level 1:colcon.colcon_core.package_identification:_identify(.) by extensions ['colcon_pkg']
[0.291s] Level 1:colcon.colcon_core.package_identification:_identify(.) by extension 'colcon_pkg'
[0.291s] Level 1:colcon.colcon_core.package_identification:_identify(.) by extensions ['colcon_meta']
[0.292s] Level 1:colcon.colcon_core.package_identification:_identify(.) by extension 'colcon_meta'
[0.292s] Level 1:colcon.colcon_core.package_identification:_identify(.) by extensions ['ros']
[0.292s] Level 1:colcon.colcon_core.package_identification:_identify(.) by extension 'ros'
[0.306s] Level 1:colcon.colcon_core.package_identification:_identify(.) by extensions ['cmake', 'python']
[0.306s] Level 1:colcon.colcon_core.package_identification:_identify(.) by extension 'cmake'
[0.306s] Level 1:colcon.colcon_core.package_identification:_identify(.) by extension 'python'
[0.306s] Level 1:colcon.colcon_core.package_identification:_identify(.) by extensions ['python_setup_py']
[0.306s] Level 1:colcon.colcon_core.package_identification:_identify(.) by extension 'python_setup_py'
[0.306s] Level 1:colcon.colcon_core.package_identification:_identify(build) by extensions ['ignore', 'ignore_ament_install']
[0.306s] Level 1:colcon.colcon_core.package_identification:_identify(build) by extension 'ignore'
[0.306s] Level 1:colcon.colcon_core.package_identification:_identify(build) ignored
[0.306s] Level 1:colcon.colcon_core.package_identification:_identify(install) by extensions ['ignore', 'ignore_ament_install']
[0.307s] Level 1:colcon.colcon_core.package_identification:_identify(install) by extension 'ignore'
[0.307s] Level 1:colcon.colcon_core.package_identification:_identify(install) ignored
[0.307s] Level 1:colcon.colcon_core.package_identification:_identify(log) by extensions ['ignore', 'ignore_ament_install']
[0.307s] Level 1:colcon.colcon_core.package_identification:_identify(log) by extension 'ignore'
[0.307s] Level 1:colcon.colcon_core.package_identification:_identify(log) ignored
[0.307s] Level 1:colcon.colcon_core.package_identification:_identify(src) by extensions ['ignore', 'ignore_ament_install']
[0.307s] Level 1:colcon.colcon_core.package_identification:_identify(src) by extension 'ignore'
[0.307s] Level 1:colcon.colcon_core.package_identification:_identify(src) by extension 'ignore_ament_install'
[0.307s] Level 1:colcon.colcon_core.package_identification:_identify(src) by extensions ['colcon_pkg']
[0.307s] Level 1:colcon.colcon_core.package_identification:_identify(src) by extension 'colcon_pkg'
[0.307s] Level 1:colcon.colcon_core.package_identification:_identify(src) by extensions ['colcon_meta']
[0.307s] Level 1:colcon.colcon_core.package_identification:_identify(src) by extension 'colcon_meta'
[0.307s] Level 1:colcon.colcon_core.package_identification:_identify(src) by extensions ['ros']
[0.307s] Level 1:colcon.colcon_core.package_identification:_identify(src) by extension 'ros'
[0.307s] Level 1:colcon.colcon_core.package_identification:_identify(src) by extensions ['cmake', 'python']
[0.307s] Level 1:colcon.colcon_core.package_identification:_identify(src) by extension 'cmake'
[0.307s] Level 1:colcon.colcon_core.package_identification:_identify(src) by extension 'python'
[0.307s] Level 1:colcon.colcon_core.package_identification:_identify(src) by extensions ['python_setup_py']
[0.307s] Level 1:colcon.colcon_core.package_identification:_identify(src) by extension 'python_setup_py'
[0.308s] Level 1:colcon.colcon_core.package_identification:_identify(src/angle_interface) by extensions ['ignore', 'ignore_ament_install']
[0.308s] Level 1:colcon.colcon_core.package_identification:_identify(src/angle_interface) by extension 'ignore'
[0.308s] Level 1:colcon.colcon_core.package_identification:_identify(src/angle_interface) by extension 'ignore_ament_install'
[0.308s] Level 1:colcon.colcon_core.package_identification:_identify(src/angle_interface) by extensions ['colcon_pkg']
[0.308s] Level 1:colcon.colcon_core.package_identification:_identify(src/angle_interface) by extension 'colcon_pkg'
[0.308s] Level 1:colcon.colcon_core.package_identification:_identify(src/angle_interface) by extensions ['colcon_meta']
[0.308s] Level 1:colcon.colcon_core.package_identification:_identify(src/angle_interface) by extension 'colcon_meta'
[0.308s] Level 1:colcon.colcon_core.package_identification:_identify(src/angle_interface) by extensions ['ros']
[0.308s] Level 1:colcon.colcon_core.package_identification:_identify(src/angle_interface) by extension 'ros'
[0.311s] DEBUG:colcon.colcon_core.package_identification:Package 'src/angle_interface' with type 'ros.ament_cmake' and name 'angle_interface'
[0.311s] Level 1:colcon.colcon_core.package_identification:_identify(src/build) by extensions ['ignore', 'ignore_ament_install']
[0.311s] Level 1:colcon.colcon_core.package_identification:_identify(src/build) by extension 'ignore'
[0.311s] Level 1:colcon.colcon_core.package_identification:_identify(src/build) ignored
[0.311s] Level 1:colcon.colcon_core.package_identification:_identify(src/doggy) by extensions ['ignore', 'ignore_ament_install']
[0.311s] Level 1:colcon.colcon_core.package_identification:_identify(src/doggy) by extension 'ignore'
[0.312s] Level 1:colcon.colcon_core.package_identification:_identify(src/doggy) by extension 'ignore_ament_install'
[0.312s] Level 1:colcon.colcon_core.package_identification:_identify(src/doggy) by extensions ['colcon_pkg']
[0.312s] Level 1:colcon.colcon_core.package_identification:_identify(src/doggy) by extension 'colcon_pkg'
[0.312s] Level 1:colcon.colcon_core.package_identification:_identify(src/doggy) by extensions ['colcon_meta']
[0.312s] Level 1:colcon.colcon_core.package_identification:_identify(src/doggy) by extension 'colcon_meta'
[0.312s] Level 1:colcon.colcon_core.package_identification:_identify(src/doggy) by extensions ['ros']
[0.312s] Level 1:colcon.colcon_core.package_identification:_identify(src/doggy) by extension 'ros'
[0.313s] DEBUG:colcon.colcon_core.package_identification:Package 'src/doggy' with type 'ros.ament_python' and name 'doggy'
[0.313s] Level 1:colcon.colcon_core.package_identification:_identify(src/install) by extensions ['ignore', 'ignore_ament_install']
[0.313s] Level 1:colcon.colcon_core.package_identification:_identify(src/install) by extension 'ignore'
[0.313s] Level 1:colcon.colcon_core.package_identification:_identify(src/install) ignored
[0.313s] Level 1:colcon.colcon_core.package_identification:_identify(src/log) by extensions ['ignore', 'ignore_ament_install']
[0.313s] Level 1:colcon.colcon_core.package_identification:_identify(src/log) by extension 'ignore'
[0.313s] Level 1:colcon.colcon_core.package_identification:_identify(src/log) ignored
[0.313s] Level 1:colcon.colcon_core.package_discovery:discover_packages(recursive) using defaults
[0.313s] Level 1:colcon.colcon_core.package_discovery:discover_packages(ignore) discover
[0.313s] Level 1:colcon.colcon_core.package_discovery:discover_packages(ignore) using defaults
[0.313s] Level 1:colcon.colcon_core.package_discovery:discover_packages(path) discover
[0.313s] Level 1:colcon.colcon_core.package_discovery:discover_packages(path) using defaults
[0.352s] Level 1:colcon.colcon_core.package_discovery:discover_packages(prefix_path) check parameters
[0.352s] Level 1:colcon.colcon_core.package_discovery:discover_packages(prefix_path) discover
[0.355s] DEBUG:colcon.colcon_installed_package_information.package_discovery:Found 271 installed packages in /opt/ros/humble
[0.357s] Level 1:colcon.colcon_core.package_discovery:discover_packages(prefix_path) using defaults
[0.396s] Level 5:colcon.colcon_core.verb:set package 'angle_interface' build argument 'cmake_args' from command line to 'None'
[0.396s] Level 5:colcon.colcon_core.verb:set package 'angle_interface' build argument 'cmake_target' from command line to 'None'
[0.396s] Level 5:colcon.colcon_core.verb:set package 'angle_interface' build argument 'cmake_target_skip_unavailable' from command line to 'False'
[0.396s] Level 5:colcon.colcon_core.verb:set package 'angle_interface' build argument 'cmake_clean_cache' from command line to 'False'
[0.396s] Level 5:colcon.colcon_core.verb:set package 'angle_interface' build argument 'cmake_clean_first' from command line to 'False'
[0.396s] Level 5:colcon.colcon_core.verb:set package 'angle_interface' build argument 'cmake_force_configure' from command line to 'False'
[0.396s] Level 5:colcon.colcon_core.verb:set package 'angle_interface' build argument 'ament_cmake_args' from command line to 'None'
[0.396s] Level 5:colcon.colcon_core.verb:set package 'angle_interface' build argument 'catkin_cmake_args' from command line to 'None'
[0.396s] Level 5:colcon.colcon_core.verb:set package 'angle_interface' build argument 'catkin_skip_building_tests' from command line to 'False'
[0.396s] DEBUG:colcon.colcon_core.verb:Building package 'angle_interface' with the following arguments: {'ament_cmake_args': None, 'build_base': '/home/dylan/ros_programs/ex2_ws/build/angle_interface', 'catkin_cmake_args': None, 'catkin_skip_building_tests': False, 'cmake_args': None, 'cmake_clean_cache': False, 'cmake_clean_first': False, 'cmake_force_configure': False, 'cmake_target': None, 'cmake_target_skip_unavailable': False, 'install_base': '/home/dylan/ros_programs/ex2_ws/install/angle_interface', 'merge_install': False, 'path': '/home/dylan/ros_programs/ex2_ws/src/angle_interface', 'symlink_install': False, 'test_result_base': None}
[0.396s] Level 5:colcon.colcon_core.verb:set package 'doggy' build argument 'cmake_args' from command line to 'None'
[0.396s] Level 5:colcon.colcon_core.verb:set package 'doggy' build argument 'cmake_target' from command line to 'None'
[0.396s] Level 5:colcon.colcon_core.verb:set package 'doggy' build argument 'cmake_target_skip_unavailable' from command line to 'False'
[0.396s] Level 5:colcon.colcon_core.verb:set package 'doggy' build argument 'cmake_clean_cache' from command line to 'False'
[0.396s] Level 5:colcon.colcon_core.verb:set package 'doggy' build argument 'cmake_clean_first' from command line to 'False'
[0.396s] Level 5:colcon.colcon_core.verb:set package 'doggy' build argument 'cmake_force_configure' from command line to 'False'
[0.396s] Level 5:colcon.colcon_core.verb:set package 'doggy' build argument 'ament_cmake_args' from command line to 'None'
[0.396s] Level 5:colcon.colcon_core.verb:set package 'doggy' build argument 'catkin_cmake_args' from command line to 'None'
[0.396s] Level 5:colcon.colcon_core.verb:set package 'doggy' build argument 'catkin_skip_building_tests' from command line to 'False'
[0.396s] DEBUG:colcon.colcon_core.verb:Building package 'doggy' with the following arguments: {'ament_cmake_args': None, 'build_base': '/home/dylan/ros_programs/ex2_ws/build/doggy', 'catkin_cmake_args': None, 'catkin_skip_building_tests': False, 'cmake_args': None, 'cmake_clean_cache': False, 'cmake_clean_first': False, 'cmake_force_configure': False, 'cmake_target': None, 'cmake_target_skip_unavailable': False, 'install_base': '/home/dylan/ros_programs/ex2_ws/install/doggy', 'merge_install': False, 'path': '/home/dylan/ros_programs/ex2_ws/src/doggy', 'symlink_install': False, 'test_result_base': None}
[0.397s] INFO:colcon.colcon_core.executor:Executing jobs using 'parallel' executor
[0.398s] DEBUG:colcon.colcon_parallel_executor.executor.parallel:run_until_complete
[0.399s] INFO:colcon.colcon_ros.task.ament_cmake.build:Building ROS package in '/home/dylan/ros_programs/ex2_ws/src/angle_interface' with build type 'ament_cmake'
[0.399s] INFO:colcon.colcon_cmake.task.cmake.build:Building CMake package in '/home/dylan/ros_programs/ex2_ws/src/angle_interface'
[0.401s] INFO:colcon.colcon_core.plugin_system:Skipping extension 'colcon_core.shell.bat': Not used on non-Windows systems
[0.402s] INFO:colcon.colcon_core.shell:Skip shell extension 'powershell' for command environment: Not usable outside of PowerShell
[0.402s] DEBUG:colcon.colcon_core.shell:Skip shell extension 'dsv' for command environment
[0.416s] DEBUG:colcon.colcon_core.event_handler.log_command:Invoking command in '/home/dylan/ros_programs/ex2_ws/build/angle_interface': CMAKE_PREFIX_PATH=/opt/ros/humble /usr/bin/cmake --build /home/dylan/ros_programs/ex2_ws/build/angle_interface -- -j16 -l16
[0.916s] DEBUG:colcon.colcon_core.event_handler.log_command:Invoked command in '/home/dylan/ros_programs/ex2_ws/build/angle_interface' returned '0': CMAKE_PREFIX_PATH=/opt/ros/humble /usr/bin/cmake --build /home/dylan/ros_programs/ex2_ws/build/angle_interface -- -j16 -l16
[0.931s] DEBUG:colcon.colcon_core.event_handler.log_command:Invoking command in '/home/dylan/ros_programs/ex2_ws/build/angle_interface': CMAKE_PREFIX_PATH=/opt/ros/humble /usr/bin/cmake --install /home/dylan/ros_programs/ex2_ws/build/angle_interface
[1.006s] Level 1:colcon.colcon_core.environment:create_environment_scripts_only(angle_interface)
[1.006s] DEBUG:colcon.colcon_core.event_handler.log_command:Invoked command in '/home/dylan/ros_programs/ex2_ws/build/angle_interface' returned '0': CMAKE_PREFIX_PATH=/opt/ros/humble /usr/bin/cmake --install /home/dylan/ros_programs/ex2_ws/build/angle_interface
[1.009s] Level 1:colcon.colcon_core.environment:checking '/home/dylan/ros_programs/ex2_ws/install/angle_interface' for CMake module files
[1.010s] Level 1:colcon.colcon_core.environment:checking '/home/dylan/ros_programs/ex2_ws/install/angle_interface' for CMake config files
[1.010s] Level 1:colcon.colcon_core.shell:create_environment_hook('angle_interface', 'cmake_prefix_path')
[1.010s] INFO:colcon.colcon_core.shell:Creating environment hook '/home/dylan/ros_programs/ex2_ws/install/angle_interface/share/angle_interface/hook/cmake_prefix_path.ps1'
[1.011s] INFO:colcon.colcon_core.shell:Creating environment descriptor '/home/dylan/ros_programs/ex2_ws/install/angle_interface/share/angle_interface/hook/cmake_prefix_path.dsv'
[1.012s] INFO:colcon.colcon_core.shell:Creating environment hook '/home/dylan/ros_programs/ex2_ws/install/angle_interface/share/angle_interface/hook/cmake_prefix_path.sh'
[1.013s] Level 1:colcon.colcon_core.environment:checking '/home/dylan/ros_programs/ex2_ws/install/angle_interface/lib'
[1.013s] Level 1:colcon.colcon_core.shell:create_environment_hook('angle_interface', 'ld_library_path_lib')
[1.013s] INFO:colcon.colcon_core.shell:Creating environment hook '/home/dylan/ros_programs/ex2_ws/install/angle_interface/share/angle_interface/hook/ld_library_path_lib.ps1'
[1.014s] INFO:colcon.colcon_core.shell:Creating environment descriptor '/home/dylan/ros_programs/ex2_ws/install/angle_interface/share/angle_interface/hook/ld_library_path_lib.dsv'
[1.014s] INFO:colcon.colcon_core.shell:Creating environment hook '/home/dylan/ros_programs/ex2_ws/install/angle_interface/share/angle_interface/hook/ld_library_path_lib.sh'
[1.015s] Level 1:colcon.colcon_core.environment:checking '/home/dylan/ros_programs/ex2_ws/install/angle_interface/bin'
[1.015s] Level 1:colcon.colcon_core.environment:checking '/home/dylan/ros_programs/ex2_ws/install/angle_interface/lib/pkgconfig/angle_interface.pc'
[1.015s] Level 1:colcon.colcon_core.environment:checking '/home/dylan/ros_programs/ex2_ws/install/angle_interface/lib/python3.10/site-packages'
[1.015s] Level 1:colcon.colcon_core.environment:checking '/home/dylan/ros_programs/ex2_ws/install/angle_interface/bin'
[1.016s] INFO:colcon.colcon_core.shell:Creating package script '/home/dylan/ros_programs/ex2_ws/install/angle_interface/share/angle_interface/package.ps1'
[1.017s] INFO:colcon.colcon_core.shell:Creating package descriptor '/home/dylan/ros_programs/ex2_ws/install/angle_interface/share/angle_interface/package.dsv'
[1.017s] INFO:colcon.colcon_core.shell:Creating package script '/home/dylan/ros_programs/ex2_ws/install/angle_interface/share/angle_interface/package.sh'
[1.018s] INFO:colcon.colcon_core.shell:Creating package script '/home/dylan/ros_programs/ex2_ws/install/angle_interface/share/angle_interface/package.bash'
[1.019s] INFO:colcon.colcon_core.shell:Creating package script '/home/dylan/ros_programs/ex2_ws/install/angle_interface/share/angle_interface/package.zsh'
[1.020s] Level 1:colcon.colcon_core.environment:create_file_with_runtime_dependencies(/home/dylan/ros_programs/ex2_ws/install/angle_interface/share/colcon-core/packages/angle_interface)
[1.021s] Level 1:colcon.colcon_core.environment:create_environment_scripts_only(angle_interface)
[1.021s] Level 1:colcon.colcon_core.environment:checking '/home/dylan/ros_programs/ex2_ws/install/angle_interface' for CMake module files
[1.021s] Level 1:colcon.colcon_core.environment:checking '/home/dylan/ros_programs/ex2_ws/install/angle_interface' for CMake config files
[1.022s] Level 1:colcon.colcon_core.shell:create_environment_hook('angle_interface', 'cmake_prefix_path')
[1.022s] INFO:colcon.colcon_core.shell:Creating environment hook '/home/dylan/ros_programs/ex2_ws/install/angle_interface/share/angle_interface/hook/cmake_prefix_path.ps1'
[1.022s] INFO:colcon.colcon_core.shell:Creating environment descriptor '/home/dylan/ros_programs/ex2_ws/install/angle_interface/share/angle_interface/hook/cmake_prefix_path.dsv'
[1.023s] INFO:colcon.colcon_core.shell:Creating environment hook '/home/dylan/ros_programs/ex2_ws/install/angle_interface/share/angle_interface/hook/cmake_prefix_path.sh'
[1.023s] Level 1:colcon.colcon_core.environment:checking '/home/dylan/ros_programs/ex2_ws/install/angle_interface/lib'
[1.023s] Level 1:colcon.colcon_core.shell:create_environment_hook('angle_interface', 'ld_library_path_lib')
[1.024s] INFO:colcon.colcon_core.shell:Creating environment hook '/home/dylan/ros_programs/ex2_ws/install/angle_interface/share/angle_interface/hook/ld_library_path_lib.ps1'
[1.024s] INFO:colcon.colcon_core.shell:Creating environment descriptor '/home/dylan/ros_programs/ex2_ws/install/angle_interface/share/angle_interface/hook/ld_library_path_lib.dsv'
[1.025s] INFO:colcon.colcon_core.shell:Creating environment hook '/home/dylan/ros_programs/ex2_ws/install/angle_interface/share/angle_interface/hook/ld_library_path_lib.sh'
[1.025s] Level 1:colcon.colcon_core.environment:checking '/home/dylan/ros_programs/ex2_ws/install/angle_interface/bin'
[1.025s] Level 1:colcon.colcon_core.environment:checking '/home/dylan/ros_programs/ex2_ws/install/angle_interface/lib/pkgconfig/angle_interface.pc'
[1.025s] Level 1:colcon.colcon_core.environment:checking '/home/dylan/ros_programs/ex2_ws/install/angle_interface/lib/python3.10/site-packages'
[1.026s] Level 1:colcon.colcon_core.environment:checking '/home/dylan/ros_programs/ex2_ws/install/angle_interface/bin'
[1.026s] INFO:colcon.colcon_core.shell:Creating package script '/home/dylan/ros_programs/ex2_ws/install/angle_interface/share/angle_interface/package.ps1'
[1.027s] INFO:colcon.colcon_core.shell:Creating package descriptor '/home/dylan/ros_programs/ex2_ws/install/angle_interface/share/angle_interface/package.dsv'
[1.028s] INFO:colcon.colcon_core.shell:Creating package script '/home/dylan/ros_programs/ex2_ws/install/angle_interface/share/angle_interface/package.sh'
[1.028s] INFO:colcon.colcon_core.shell:Creating package script '/home/dylan/ros_programs/ex2_ws/install/angle_interface/share/angle_interface/package.bash'
[1.029s] INFO:colcon.colcon_core.shell:Creating package script '/home/dylan/ros_programs/ex2_ws/install/angle_interface/share/angle_interface/package.zsh'
[1.029s] Level 1:colcon.colcon_core.environment:create_file_with_runtime_dependencies(/home/dylan/ros_programs/ex2_ws/install/angle_interface/share/colcon-core/packages/angle_interface)
[1.030s] INFO:colcon.colcon_ros.task.ament_python.build:Building ROS package in '/home/dylan/ros_programs/ex2_ws/src/doggy' with build type 'ament_python'
[1.030s] Level 1:colcon.colcon_core.shell:create_environment_hook('doggy', 'ament_prefix_path')
[1.030s] INFO:colcon.colcon_core.shell:Creating environment hook '/home/dylan/ros_programs/ex2_ws/install/doggy/share/doggy/hook/ament_prefix_path.ps1'
[1.031s] INFO:colcon.colcon_core.shell:Creating environment descriptor '/home/dylan/ros_programs/ex2_ws/install/doggy/share/doggy/hook/ament_prefix_path.dsv'
[1.032s] INFO:colcon.colcon_core.shell:Creating environment hook '/home/dylan/ros_programs/ex2_ws/install/doggy/share/doggy/hook/ament_prefix_path.sh'
[1.033s] INFO:colcon.colcon_core.shell:Skip shell extension 'powershell' for command environment: Not usable outside of PowerShell
[1.033s] DEBUG:colcon.colcon_core.shell:Skip shell extension 'dsv' for command environment
[1.332s] INFO:colcon.colcon_core.task.python.build:Building Python package in '/home/dylan/ros_programs/ex2_ws/src/doggy'
[1.333s] INFO:colcon.colcon_core.shell:Skip shell extension 'powershell' for command environment: Not usable outside of PowerShell
[1.333s] DEBUG:colcon.colcon_core.shell:Skip shell extension 'dsv' for command environment
[1.723s] DEBUG:colcon.colcon_core.event_handler.log_command:Invoking command in '/home/dylan/ros_programs/ex2_ws/src/doggy': AMENT_PREFIX_PATH=/home/dylan/ros_programs/ex2_ws/install/angle_interface:${AMENT_PREFIX_PATH} CMAKE_PREFIX_PATH=/home/dylan/ros_programs/ex2_ws/install/angle_interface LD_LIBRARY_PATH=/home/dylan/ros_programs/ex2_ws/install/angle_interface/lib:${LD_LIBRARY_PATH} PYTHONPATH=/home/dylan/ros_programs/ex2_ws/build/doggy/prefix_override:/usr/lib/python3/dist-packages/colcon_core/task/python/colcon_distutils_commands:/home/dylan/ros_programs/ex2_ws/install/doggy/lib/python3.10/site-packages:/home/dylan/ros_programs/ex2_ws/install/angle_interface/local/lib/python3.10/dist-packages:${PYTHONPATH} /usr/bin/python3 -W ignore:setup.py install is deprecated -W ignore:easy_install command is deprecated setup.py egg_info --egg-base ../../build/doggy build --build-base /home/dylan/ros_programs/ex2_ws/build/doggy/build install --record /home/dylan/ros_programs/ex2_ws/build/doggy/install.log --single-version-externally-managed install_data
[2.057s] Level 1:colcon.colcon_core.environment:checking '/home/dylan/ros_programs/ex2_ws/install/doggy' for CMake module files
[2.059s] DEBUG:colcon.colcon_core.event_handler.log_command:Invoked command in '/home/dylan/ros_programs/ex2_ws/src/doggy' returned '0': AMENT_PREFIX_PATH=/home/dylan/ros_programs/ex2_ws/install/angle_interface:${AMENT_PREFIX_PATH} CMAKE_PREFIX_PATH=/home/dylan/ros_programs/ex2_ws/install/angle_interface LD_LIBRARY_PATH=/home/dylan/ros_programs/ex2_ws/install/angle_interface/lib:${LD_LIBRARY_PATH} PYTHONPATH=/home/dylan/ros_programs/ex2_ws/build/doggy/prefix_override:/usr/lib/python3/dist-packages/colcon_core/task/python/colcon_distutils_commands:/home/dylan/ros_programs/ex2_ws/install/doggy/lib/python3.10/site-packages:/home/dylan/ros_programs/ex2_ws/install/angle_interface/local/lib/python3.10/dist-packages:${PYTHONPATH} /usr/bin/python3 -W ignore:setup.py install is deprecated -W ignore:easy_install command is deprecated setup.py egg_info --egg-base ../../build/doggy build --build-base /home/dylan/ros_programs/ex2_ws/build/doggy/build install --record /home/dylan/ros_programs/ex2_ws/build/doggy/install.log --single-version-externally-managed install_data
[2.059s] Level 1:colcon.colcon_core.environment:checking '/home/dylan/ros_programs/ex2_ws/install/doggy' for CMake config files
[2.060s] Level 1:colcon.colcon_core.environment:checking '/home/dylan/ros_programs/ex2_ws/install/doggy/lib'
[2.060s] Level 1:colcon.colcon_core.environment:checking '/home/dylan/ros_programs/ex2_ws/install/doggy/bin'
[2.060s] Level 1:colcon.colcon_core.environment:checking '/home/dylan/ros_programs/ex2_ws/install/doggy/lib/pkgconfig/doggy.pc'
[2.060s] Level 1:colcon.colcon_core.environment:checking '/home/dylan/ros_programs/ex2_ws/install/doggy/lib/python3.10/site-packages'
[2.060s] Level 1:colcon.colcon_core.shell:create_environment_hook('doggy', 'pythonpath')
[2.061s] INFO:colcon.colcon_core.shell:Creating environment hook '/home/dylan/ros_programs/ex2_ws/install/doggy/share/doggy/hook/pythonpath.ps1'
[2.062s] INFO:colcon.colcon_core.shell:Creating environment descriptor '/home/dylan/ros_programs/ex2_ws/install/doggy/share/doggy/hook/pythonpath.dsv'
[2.062s] INFO:colcon.colcon_core.shell:Creating environment hook '/home/dylan/ros_programs/ex2_ws/install/doggy/share/doggy/hook/pythonpath.sh'
[2.063s] Level 1:colcon.colcon_core.environment:checking '/home/dylan/ros_programs/ex2_ws/install/doggy/bin'
[2.063s] Level 1:colcon.colcon_core.environment:create_environment_scripts_only(doggy)
[2.063s] INFO:colcon.colcon_core.shell:Creating package script '/home/dylan/ros_programs/ex2_ws/install/doggy/share/doggy/package.ps1'
[2.064s] INFO:colcon.colcon_core.shell:Creating package descriptor '/home/dylan/ros_programs/ex2_ws/install/doggy/share/doggy/package.dsv'
[2.065s] INFO:colcon.colcon_core.shell:Creating package script '/home/dylan/ros_programs/ex2_ws/install/doggy/share/doggy/package.sh'
[2.066s] INFO:colcon.colcon_core.shell:Creating package script '/home/dylan/ros_programs/ex2_ws/install/doggy/share/doggy/package.bash'
[2.066s] INFO:colcon.colcon_core.shell:Creating package script '/home/dylan/ros_programs/ex2_ws/install/doggy/share/doggy/package.zsh'
[2.066s] Level 1:colcon.colcon_core.environment:create_file_with_runtime_dependencies(/home/dylan/ros_programs/ex2_ws/install/doggy/share/colcon-core/packages/doggy)
[2.067s] DEBUG:colcon.colcon_parallel_executor.executor.parallel:closing loop
[2.067s] DEBUG:colcon.colcon_parallel_executor.executor.parallel:loop closed
[2.067s] DEBUG:colcon.colcon_parallel_executor.executor.parallel:run_until_complete finished with '0'
[2.067s] DEBUG:colcon.colcon_core.event_reactor:joining thread
[2.075s] INFO:colcon.colcon_core.plugin_system:Skipping extension 'colcon_notification.desktop_notification.terminal_notifier': Not used on non-Darwin systems
[2.075s] INFO:colcon.colcon_core.plugin_system:Skipping extension 'colcon_notification.desktop_notification.win32': Not used on non-Windows systems
[2.075s] INFO:colcon.colcon_notification.desktop_notification:Sending desktop notification using 'notify2'
[2.094s] DEBUG:colcon.colcon_core.event_reactor:joined thread
[2.095s] INFO:colcon.colcon_core.shell:Creating prefix script '/home/dylan/ros_programs/ex2_ws/install/local_setup.ps1'
[2.096s] INFO:colcon.colcon_core.shell:Creating prefix util module '/home/dylan/ros_programs/ex2_ws/install/_local_setup_util_ps1.py'
[2.098s] INFO:colcon.colcon_core.shell:Creating prefix chain script '/home/dylan/ros_programs/ex2_ws/install/setup.ps1'
[2.099s] INFO:colcon.colcon_core.shell:Creating prefix script '/home/dylan/ros_programs/ex2_ws/install/local_setup.sh'
[2.100s] INFO:colcon.colcon_core.shell:Creating prefix util module '/home/dylan/ros_programs/ex2_ws/install/_local_setup_util_sh.py'
[2.101s] INFO:colcon.colcon_core.shell:Creating prefix chain script '/home/dylan/ros_programs/ex2_ws/install/setup.sh'
[2.103s] INFO:colcon.colcon_core.shell:Creating prefix script '/home/dylan/ros_programs/ex2_ws/install/local_setup.bash'
[2.103s] INFO:colcon.colcon_core.shell:Creating prefix chain script '/home/dylan/ros_programs/ex2_ws/install/setup.bash'
[2.105s] INFO:colcon.colcon_core.shell:Creating prefix script '/home/dylan/ros_programs/ex2_ws/install/local_setup.zsh'
[2.105s] INFO:colcon.colcon_core.shell:Creating prefix chain script '/home/dylan/ros_programs/ex2_ws/install/setup.zsh'
